<?xml version="1.0" encoding="UTF-8"?>
<testng-results ignored="0" total="2" passed="2" failed="0" skipped="0">
  <reporter-output>
  </reporter-output>
  <suite started-at="2024-11-16T09:48:35 IST" name="Master Suite" finished-at="2024-11-16T09:48:51 IST" duration-ms="15431">
    <groups>
      <group name="Master">
        <method signature="TC001_AccountRegistationTest.verify_account_registration()[pri:0, instance:testCases.TC001_AccountRegistationTest@51e69659]" name="verify_account_registration" class="testCases.TC001_AccountRegistationTest"/>
        <method signature="TC002_LoginTest.verify()[pri:0, instance:testCases.TC002_LoginTest@27f981c6]" name="verify" class="testCases.TC002_LoginTest"/>
      </group> <!-- Master -->
      <group name="Sanity">
        <method signature="TC002_LoginTest.verify()[pri:0, instance:testCases.TC002_LoginTest@27f981c6]" name="verify" class="testCases.TC002_LoginTest"/>
      </group> <!-- Sanity -->
      <group name="Regression">
        <method signature="TC001_AccountRegistationTest.verify_account_registration()[pri:0, instance:testCases.TC001_AccountRegistationTest@51e69659]" name="verify_account_registration" class="testCases.TC001_AccountRegistationTest"/>
      </group> <!-- Regression -->
    </groups>
    <test started-at="2024-11-16T09:48:35 IST" name="Test" finished-at="2024-11-16T09:48:51 IST" duration-ms="15431">
      <class name="testCases.TC002_LoginTest">
        <test-method is-config="true" signature="setup(java.lang.String,java.lang.String)[pri:0, instance:testCases.TC002_LoginTest@27f981c6]" started-at="2024-11-16T09:48:45 IST" name="setup" finished-at="2024-11-16T09:48:48 IST" duration-ms="3229" status="PASS">
          <params>
            <param index="0">
              <value>
                <![CDATA[Windows]]>
              </value>
            </param>
            <param index="1">
              <value>
                <![CDATA[chrome]]>
              </value>
            </param>
          </params>
          <reporter-output>
          </reporter-output>
        </test-method> <!-- setup -->
        <test-method signature="verify()[pri:0, instance:testCases.TC002_LoginTest@27f981c6]" started-at="2024-11-16T09:48:48 IST" name="verify" finished-at="2024-11-16T09:48:50 IST" duration-ms="1893" status="PASS">
          <reporter-output>
          </reporter-output>
        </test-method> <!-- verify -->
        <test-method is-config="true" signature="tearDown()[pri:0, instance:testCases.TC002_LoginTest@27f981c6]" started-at="2024-11-16T09:48:50 IST" name="tearDown" finished-at="2024-11-16T09:48:51 IST" duration-ms="203" status="PASS">
          <reporter-output>
          </reporter-output>
        </test-method> <!-- tearDown -->
      </class> <!-- testCases.TC002_LoginTest -->
      <class name="testCases.TC001_AccountRegistationTest">
        <test-method is-config="true" signature="setup(java.lang.String,java.lang.String)[pri:0, instance:testCases.TC001_AccountRegistationTest@51e69659]" started-at="2024-11-16T09:48:35 IST" name="setup" finished-at="2024-11-16T09:48:41 IST" duration-ms="5118" status="PASS">
          <params>
            <param index="0">
              <value>
                <![CDATA[Windows]]>
              </value>
            </param>
            <param index="1">
              <value>
                <![CDATA[chrome]]>
              </value>
            </param>
          </params>
          <reporter-output>
          </reporter-output>
        </test-method> <!-- setup -->
        <test-method signature="verify_account_registration()[pri:0, instance:testCases.TC001_AccountRegistationTest@51e69659]" started-at="2024-11-16T09:48:41 IST" name="verify_account_registration" finished-at="2024-11-16T09:48:45 IST" duration-ms="4426" status="PASS">
          <reporter-output>
          </reporter-output>
        </test-method> <!-- verify_account_registration -->
        <test-method is-config="true" signature="tearDown()[pri:0, instance:testCases.TC001_AccountRegistationTest@51e69659]" started-at="2024-11-16T09:48:45 IST" name="tearDown" finished-at="2024-11-16T09:48:45 IST" duration-ms="211" status="PASS">
          <reporter-output>
          </reporter-output>
        </test-method> <!-- tearDown -->
      </class> <!-- testCases.TC001_AccountRegistationTest -->
    </test> <!-- Test -->
  </suite> <!-- Master Suite -->
</testng-results>
